#-----------------------------------------------------------
# PlanAhead v14.7 (64-bit)
# Build 321239 by xbuild on Fri Sep 27 19:29:51 MDT 2013
# Start of session at: Wed Aug 22 19:15:45 2018
# Process ID: 6696
# Log file: C:/Users/Administrator/Desktop/task/ISE/clkTest/clkTest/planAhead_run_2/planAhead.log
# Journal file: C:/Users/Administrator/Desktop/task/ISE/clkTest/clkTest/planAhead_run_2/planAhead.jou
#-----------------------------------------------------------
INFO: [Common 17-78] Attempting to get a license: PlanAhead
INFO: [Common 17-290] Got license for PlanAhead
INFO: [Device 21-36] Loading parts and site information from E:/ISE/14.7/ISE_DS/PlanAhead/data/parts/arch.xml
Parsing RTL primitives file [E:/ISE/14.7/ISE_DS/PlanAhead/data/parts/xilinx/rtl/prims/rtl_prims.xml]
Finished parsing RTL primitives file [E:/ISE/14.7/ISE_DS/PlanAhead/data/parts/xilinx/rtl/prims/rtl_prims.xml]
start_gui
source C:/Users/Administrator/Desktop/task/ISE/clkTest/clkTest/pa.fromHdl.tcl
# create_project -name clkTest -dir "C:/Users/Administrator/Desktop/task/ISE/clkTest/clkTest/planAhead_run_2" -part xc6slx100fgg676-3
# set_param project.pinAheadLayout yes
# set srcset [get_property srcset [current_run -impl]]
# set_property target_constrs_file "test.ucf" [current_fileset -constrset]
Adding file 'C:/Users/Administrator/Desktop/task/ISE/clkTest/clkTest/test.ucf' to fileset 'constrs_1'
# set hdlfile [add_files [list {test.v}]]
# set_property file_type Verilog $hdlfile
# set_property library work $hdlfile
# set_property top test $srcset
# add_files [list {test.ucf}] -fileset [get_property constrset [current_run]]
# open_rtl_design -part xc6slx100fgg676-3
Using Verific elaboration
Parsing VHDL file "E:/ISE/14.7/ISE_DS/PlanAhead/data/parts/xilinx/rtl/lib/synplify/synattr.vhd" into library synplify
Analyzing Verilog file "C:/Users/Administrator/Desktop/task/ISE/clkTest/clkTest/test.v" into library work
Loading clock regions from E:/ISE/14.7/ISE_DS/PlanAhead/data\parts/xilinx/spartan6/spartan6lx/xc6slx100/ClockRegion.xml
Loading clock buffers from E:/ISE/14.7/ISE_DS/PlanAhead/data\parts/xilinx/spartan6/spartan6lx/xc6slx100/ClockBuffers.xml
Loading package pin functions from E:/ISE/14.7/ISE_DS/PlanAhead/data\parts/xilinx/spartan6/PinFunctions.xml...
Loading package from E:/ISE/14.7/ISE_DS/PlanAhead/data\parts/xilinx/spartan6/spartan6lx/xc6slx100/fgg676/Package.xml
Loading io standards from E:/ISE/14.7/ISE_DS/PlanAhead/data\./parts/xilinx/spartan6/IOStandards.xml
Loading device configuration modes from E:/ISE/14.7/ISE_DS/PlanAhead/data\parts/xilinx/spartan6/ConfigModes.xml
Loading list of drcs for the architecture : E:/ISE/14.7/ISE_DS/PlanAhead/data\./parts/xilinx/spartan6/drc.xml
Parsing UCF File [C:/Users/Administrator/Desktop/task/ISE/clkTest/clkTest/test.ucf]
Finished Parsing UCF File [C:/Users/Administrator/Desktop/task/ISE/clkTest/clkTest/test.ucf]
INFO: [Project 1-111] Unisim Transformation Summary:
No Unisim elements were transformed.

Phase 0 | Netlist Checksum: 40843493
open_rtl_design: Time (s): elapsed = 00:00:08 . Memory (MB): peak = 640.078 ; gain = 194.441
update_compile_order -fileset sim_1
exit
ERROR: [PlanAhead 12-106] *** Exception: ui.h.b: Found deleted key in HTclEventBroker. Verify if the classes listed here call cleanup()
HTclEvent: DEBUG_CORE_CONFIG_CHANGE   Classes: ui.views.aR 
HTclEvent: SIGNAL_MODIFY   Classes: ui.views.aR 
HTclEvent: DEBUG_PORT_CONFIG_CHANGE   Classes: ui.views.aR 
HTclEvent: SIGNAL_BUS_MODIFY   Classes: ui.views.aR 
 (See C:/Users/Administrator/Desktop/task/ISE/clkTest/clkTest\planAhead_pid6696.debug)
ERROR: [Common 17-39] 'stop_gui' failed due to earlier errors.
INFO: [Common 17-206] Exiting PlanAhead at Wed Aug 22 20:12:49 2018...
INFO: [Common 17-83] Releasing license: PlanAhead
